============================= test session starts ==============================
platform linux -- Python 3.12.3, pytest-9.0.2, pluggy-1.6.0 -- /home/haji/Desktop/Platform/venv/bin/python
cachedir: .pytest_cache
hypothesis profile 'default'
rootdir: /home/haji/Desktop/Platform
configfile: pyproject.toml
plugins: asyncio-1.3.0, timeout-2.4.0, anyio-4.12.0, cov-7.0.0, hypothesis-6.148.9
asyncio: mode=Mode.AUTO, debug=False, asyncio_default_fixture_loop_scope=session, asyncio_default_test_loop_scope=function
timeout: 90.0s
timeout method: thread
timeout func_only: False
collecting ... collected 34 items

tests/test_ultra_legal_monitoring.py::TestLegalMonitoringBasics::test_track_legal_query PASSED [  2%]
tests/test_ultra_legal_monitoring.py::TestLegalMonitoringBasics::test_multiple_queries PASSED [  5%]
tests/test_ultra_legal_monitoring.py::TestLegalMonitoringBasics::test_error_tracking PASSED [  8%]
tests/test_ultra_legal_monitoring.py::TestLegalMonitoringBasics::test_percentile_calculation PASSED [ 11%]
tests/test_ultra_legal_monitoring.py::TestSLACompliance::test_sla_compliance_pass PASSED [ 14%]
tests/test_ultra_legal_monitoring.py::TestSLACompliance::test_sla_violation_detection PASSED [ 17%]
tests/test_ultra_legal_monitoring.py::TestSLACompliance::test_sla_target_configuration PASSED [ 20%]
tests/test_ultra_legal_monitoring.py::TestPrometheusExport::test_prometheus_export_format PASSED [ 23%]
tests/test_ultra_legal_monitoring.py::TestPrometheusExport::test_prometheus_metric_values PASSED [ 26%]
tests/test_ultra_legal_monitoring.py::TestPrometheusExport::test_prometheus_labels PASSED [ 29%]
tests/test_ultra_legal_monitoring.py::TestHealthChecks::test_healthy_status PASSED [ 32%]
tests/test_ultra_legal_monitoring.py::TestHealthChecks::test_degraded_status_high_errors PASSED [ 35%]
tests/test_ultra_legal_monitoring.py::TestHealthChecks::test_degraded_status_high_latency PASSED [ 38%]
tests/test_ultra_legal_monitoring.py::TestAlertCallbacks::test_alert_callback_registration PASSED [ 41%]
tests/test_ultra_legal_monitoring.py::TestComprehensiveStats::test_comprehensive_stats_structure PASSED [ 44%]
tests/test_ultra_legal_monitoring.py::TestComprehensiveStats::test_recent_queries_tracking PASSED [ 47%]
tests/test_ultra_legal_monitoring.py::TestMetricSnapshot::test_snapshot_creation PASSED [ 50%]
tests/test_ultra_legal_monitoring.py::TestReset::test_reset_clears_metrics PASSED [ 52%]
tests/test_ultra_legal_monitoring.py::TestCourtRankDistribution::test_court_rank_tracking PASSED [ 55%]
tests/test_ultra_legal_monitoring.py::TestLegalDomainDistribution::test_legal_domain_tracking PASSED [ 58%]
tests/test_ultra_legal_monitoring.py::TestIntegration::test_complete_monitoring_workflow FAILED [ 61%]
tests/test_monitoring_unification_strict.py::TestMonitoringUnification::test_no_duplicate_state_variables PASSED [ 64%]
tests/test_monitoring_unification_strict.py::TestMonitoringUnification::test_type_hints_present PASSED [ 67%]
tests/test_monitoring_unification_strict.py::TestMonitoringUnification::test_single_source_of_truth PASSED [ 70%]
tests/test_monitoring_unification_strict.py::TestMonitoringUnification::test_stats_consistency_under_load PASSED [ 73%]
tests/test_monitoring_unification_strict.py::TestMonitoringUnification::test_error_rate_calculation PASSED [ 76%]
tests/test_monitoring_unification_strict.py::TestMonitoringUnification::test_cache_hit_rate_calculation PASSED [ 79%]
tests/test_monitoring_unification_strict.py::TestMonitoringUnification::test_categorized_counters_from_rolling_windows PASSED [ 82%]
tests/test_monitoring_unification_strict.py::TestMonitoringUnification::test_percentile_calculations PASSED [ 85%]
tests/test_monitoring_unification_strict.py::TestMonitoringUnification::test_sla_compliance_from_rolling_windows PASSED [ 88%]
tests/test_monitoring_unification_strict.py::TestMonitoringUnification::test_edge_case_empty_windows PASSED [ 91%]
tests/test_monitoring_unification_strict.py::TestMonitoringUnification::test_edge_case_window_overflow PASSED [ 94%]
tests/test_monitoring_unification_strict.py::TestMonitoringUnification::test_prometheus_export_uses_collector PASSED [ 97%]
tests/test_monitoring_unification_strict.py::test_integration_with_reasoning_engine PASSED [100%]

=================================== FAILURES ===================================
______________ TestIntegration.test_complete_monitoring_workflow _______________
tests/test_ultra_legal_monitoring.py:600: in test_complete_monitoring_workflow
    assert stats["total_queries"] == 50
E   assert 59 == 50
----------------------------- Captured stdout call -----------------------------
📊 Metric Aggregator initialized (window_size=100)
🔍 Anomaly Detector initialized (contamination=0.05)
🚨 Alert Manager initialized (dedup_window=300s)
📋 SLA Monitor initialized
⚡ Performance Profiler initialized
🚀 Ultra Performance Monitor initialized
------------------------------ Captured log call -------------------------------
WARNING  mahoun.monitoring.legal_metrics:legal_metrics.py:507 🚨 LEGAL MONITORING ALERT: HIGH - legal_retrieval.error_rate: SLA violation: error_rate: 1.0 (target: less_than 0.01)
WARNING  mahoun.monitoring.legal_metrics:legal_metrics.py:507 🚨 LEGAL MONITORING ALERT: HIGH - legal_retrieval.cache_hit_rate: SLA violation: cache_hit_rate: 0.0 (target: greater_than 0.7)
WARNING  mahoun.monitoring.legal_metrics:legal_metrics.py:507 🚨 LEGAL MONITORING ALERT: CRITICAL - legal_retrieval.error_rate: SLA violation: Error rate must be under 1%
WARNING  mahoun.monitoring.legal_metrics:legal_metrics.py:507 🚨 LEGAL MONITORING ALERT: MEDIUM - legal_retrieval.cache_hit_rate: SLA violation: Cache hit rate must be at least 70%
WARNING  mahoun.monitoring.legal_metrics:legal_metrics.py:507 🚨 LEGAL MONITORING ALERT: MEDIUM - legal_retrieval.avg_authority_score: SLA violation: Average authority score must be above 0.75
WARNING  mahoun.monitoring.legal_metrics:legal_metrics.py:507 🚨 LEGAL MONITORING ALERT: HIGH - legal_retrieval.query_latency_p95: SLA violation: 95th percentile query latency must be under 500ms
WARNING  mahoun.monitoring.legal_metrics:legal_metrics.py:507 🚨 LEGAL MONITORING ALERT: MEDIUM - legal_retrieval.error_rate: Anomaly detected in error_rate
=============================== warnings summary ===============================
venv/lib/python3.12/site-packages/_hypothesis_pytestplugin.py:469
  /home/haji/Desktop/Platform/venv/lib/python3.12/site-packages/_hypothesis_pytestplugin.py:469: UserWarning: Skipping collection of '.hypothesis' directory - this usually means you've explicitly set the `norecursedirs` pytest config option, replacing rather than extending the default ignores.
    warnings.warn(

mahoun/monitoring/legal_metrics.py:223: 1 warning
tests/test_ultra_legal_monitoring.py: 21 warnings
tests/test_monitoring_unification_strict.py: 12 warnings
  /home/haji/Desktop/Platform/mahoun/monitoring/legal_metrics.py:223: DeprecationWarning: datetime.datetime.utcnow() is deprecated and scheduled for removal in a future version. Use timezone-aware objects to represent datetimes in UTC: datetime.datetime.now(datetime.UTC).
    self.start_time = datetime.utcnow()

mahoun/monitoring/legal_metrics.py:224: 1 warning
tests/test_ultra_legal_monitoring.py: 21 warnings
tests/test_monitoring_unification_strict.py: 12 warnings
  /home/haji/Desktop/Platform/mahoun/monitoring/legal_metrics.py:224: DeprecationWarning: datetime.datetime.utcnow() is deprecated and scheduled for removal in a future version. Use timezone-aware objects to represent datetimes in UTC: datetime.datetime.now(datetime.UTC).
    self.last_reset = datetime.utcnow()

tests/test_ultra_legal_monitoring.py: 205 warnings
tests/test_monitoring_unification_strict.py: 351 warnings
  <string>:13: DeprecationWarning: datetime.datetime.utcnow() is deprecated and scheduled for removal in a future version. Use timezone-aware objects to represent datetimes in UTC: datetime.datetime.now(datetime.UTC).

tests/test_ultra_legal_monitoring.py: 224 warnings
tests/test_monitoring_unification_strict.py: 361 warnings
  /home/haji/Desktop/Platform/mahoun/monitoring/legal_metrics.py:530: DeprecationWarning: datetime.datetime.utcnow() is deprecated and scheduled for removal in a future version. Use timezone-aware objects to represent datetimes in UTC: datetime.datetime.now(datetime.UTC).
    uptime = (datetime.utcnow() - self.start_time).total_seconds()

tests/test_ultra_legal_monitoring.py: 348 warnings
tests/test_monitoring_unification_strict.py: 439 warnings
  /home/haji/Desktop/Platform/mahoun/monitoring/legal_metrics.py:470: DeprecationWarning: datetime.datetime.utcnow() is deprecated and scheduled for removal in a future version. Use timezone-aware objects to represent datetimes in UTC: datetime.datetime.now(datetime.UTC).
    "timestamp": datetime.utcnow().isoformat(),

tests/test_ultra_legal_monitoring.py::TestHealthChecks::test_healthy_status
tests/test_ultra_legal_monitoring.py::TestHealthChecks::test_degraded_status_high_errors
tests/test_ultra_legal_monitoring.py::TestHealthChecks::test_degraded_status_high_latency
  /home/haji/Desktop/Platform/mahoun/monitoring/legal_metrics.py:801: DeprecationWarning: datetime.datetime.utcnow() is deprecated and scheduled for removal in a future version. Use timezone-aware objects to represent datetimes in UTC: datetime.datetime.now(datetime.UTC).
    "timestamp": datetime.utcnow().isoformat(),

tests/test_ultra_legal_monitoring.py::TestMetricSnapshot::test_snapshot_creation
  /home/haji/Desktop/Platform/mahoun/monitoring/legal_metrics.py:883: DeprecationWarning: datetime.datetime.utcnow() is deprecated and scheduled for removal in a future version. Use timezone-aware objects to represent datetimes in UTC: datetime.datetime.now(datetime.UTC).
    timestamp=datetime.utcnow(),

tests/test_ultra_legal_monitoring.py::TestReset::test_reset_clears_metrics
  /home/haji/Desktop/Platform/mahoun/monitoring/legal_metrics.py:909: DeprecationWarning: datetime.datetime.utcnow() is deprecated and scheduled for removal in a future version. Use timezone-aware objects to represent datetimes in UTC: datetime.datetime.now(datetime.UTC).
    self.last_reset = datetime.utcnow()

-- Docs: https://docs.pytest.org/en/stable/how-to/capture-warnings.html
=========================== short test summary info ============================
FAILED tests/test_ultra_legal_monitoring.py::TestIntegration::test_complete_monitoring_workflow
================= 1 failed, 33 passed, 2002 warnings in 17.85s =================
